2025-03-14 00:50:53.839 | INFO     | utils_logger:<module>:39 - Logging to file: logs\project_log.log
2025-03-14 00:50:53.839 | INFO     | __main__:<module>:72 - STATS - Ready for work.
2025-03-14 00:50:53.839 | INFO     | __main__:main:55 - Starting MAIN function.
2025-03-14 00:50:53.839 | INFO     | __main__:main:58 - Scores: [3.5, 4.0, 4.8, 2.9, 3.7, 4.3, 3.8]
2025-03-14 00:50:53.840 | INFO     | __main__:main:59 - Minimum: 2.90
2025-03-14 00:50:53.840 | INFO     | __main__:main:60 - Maximum: 4.80
2025-03-14 00:50:53.840 | INFO     | __main__:main:61 - Mean: 3.86
2025-03-14 00:50:53.840 | INFO     | __main__:main:62 - Standard Deviation: 0.60
2025-03-14 00:50:53.842 | INFO     | __main__:main:64 - Exiting MAIN function.
2025-03-14 00:50:53.842 | INFO     | __main__:<module>:80 - STATS - Execution complete.
2025-03-20 22:04:30.379 | INFO     | __main__:main:41 - Starting data preparation...
2025-03-20 22:04:30.380 | INFO     | __main__:read_raw_data:26 - Reading raw data from C:\Projects\smart-store-albert\smart-store-albert\data\raw\customers_data.csv.
2025-03-20 22:04:30.392 | INFO     | __main__:read_raw_data:26 - Reading raw data from C:\Projects\smart-store-albert\smart-store-albert\data\raw\products_data.csv.
2025-03-20 22:04:30.402 | INFO     | __main__:read_raw_data:26 - Reading raw data from C:\Projects\smart-store-albert\smart-store-albert\data\raw\sales_data.csv.
2025-03-20 22:04:30.420 | INFO     | __main__:main:45 - Data preparation complete.
2025-03-26 22:13:08.099 | INFO     | __main__:main:162 - ==================================
2025-03-26 22:13:08.112 | INFO     | __main__:main:163 - STARTING prepare_customers_data.py
2025-03-26 22:13:08.113 | INFO     | __main__:main:164 - ==================================
2025-03-26 22:13:08.114 | INFO     | __main__:main:166 - Root project folder: C:\Projects\smart-store-albert
2025-03-26 22:13:08.115 | INFO     | __main__:main:167 - data / raw folder: C:\Projects\smart-store-albert\data\raw
2025-03-26 22:13:08.116 | INFO     | __main__:main:168 - data / prepared folder: C:\Projects\smart-store-albert\data\prepared
2025-03-26 22:13:08.118 | INFO     | __main__:main:169 - scripts folder: C:\Projects\smart-store-albert\scripts
2025-03-26 22:13:08.119 | INFO     | __main__:read_raw_data:66 - FUNCTION START: read_raw_data with file_name=customers_data.csv
2025-03-26 22:13:08.120 | INFO     | __main__:read_raw_data:68 - Reading data from C:\Projects\smart-store-albert\data\raw\customers_data.csv
2025-03-26 22:13:08.280 | INFO     | __main__:read_raw_data:70 - Loaded dataframe with 11 rows and 6 columns
2025-03-26 22:13:08.281 | INFO     | __main__:main:178 - Initial dataframe columns: CustomerID, Name, Region, JoinDate, LoyaltyPoinst , CustomerSegments 
2025-03-26 22:13:08.282 | INFO     | __main__:main:179 - Initial dataframe shape: (11, 6)
2025-03-26 22:13:08.296 | INFO     | __main__:main:188 - Cleaned column names: LoyaltyPoinst  -> LoyaltyPoinst, CustomerSegments  -> CustomerSegments
2025-03-26 22:13:08.297 | INFO     | __main__:remove_duplicates:98 - FUNCTION START: remove_duplicates with dataframe shape=(11, 6)
2025-03-26 22:13:08.343 | INFO     | __main__:remove_duplicates:102 - Removed 0 duplicate rows
2025-03-26 22:13:08.344 | INFO     | __main__:remove_duplicates:103 - 11 records remaining after removing duplicates.
2025-03-26 22:13:08.345 | INFO     | __main__:handle_missing_values:117 - FUNCTION START: handle_missing_values with dataframe shape=(11, 6)
2025-03-26 22:13:08.347 | INFO     | __main__:handle_missing_values:121 - Total missing values before handling: 1
2025-03-26 22:13:08.349 | INFO     | __main__:handle_missing_values:130 - Total missing values after handling: 1
2025-03-26 22:13:08.350 | INFO     | __main__:handle_missing_values:131 - 11 records remaining after handling missing values.
2025-03-26 22:13:08.351 | INFO     | __main__:remove_outliers:145 - FUNCTION START: remove_outliers with dataframe shape=(11, 6)
2025-03-26 22:13:08.352 | INFO     | __main__:remove_outliers:153 - Removed 0 outlier rows
2025-03-26 22:13:08.353 | INFO     | __main__:remove_outliers:154 - 11 records remaining after removing outliers.
2025-03-26 22:13:08.355 | INFO     | __main__:save_prepared_data:81 - FUNCTION START: save_prepared_data with file_name=customers_data_prepared.csv, dataframe shape=(11, 6)
2025-03-26 22:44:20.089 | INFO     | __main__:main:162 - ==================================
2025-03-26 22:44:20.100 | INFO     | __main__:main:163 - STARTING prepare_customers_data.py
2025-03-26 22:44:20.101 | INFO     | __main__:main:164 - ==================================
2025-03-26 22:44:20.102 | INFO     | __main__:main:166 - Root project folder: C:\Projects\smart-store-albert
2025-03-26 22:44:20.103 | INFO     | __main__:main:167 - data / raw folder: C:\Projects\smart-store-albert\data\raw
2025-03-26 22:44:20.109 | INFO     | __main__:main:168 - data / prepared folder: C:\Projects\smart-store-albert\data\prepared
2025-03-26 22:44:20.112 | INFO     | __main__:main:169 - scripts folder: C:\Projects\smart-store-albert\scripts
2025-03-26 22:44:20.113 | INFO     | __main__:read_raw_data:66 - FUNCTION START: read_raw_data with file_name=customers_data.csv
2025-03-26 22:44:20.114 | INFO     | __main__:read_raw_data:68 - Reading data from C:\Projects\smart-store-albert\data\raw\customers_data.csv
2025-03-26 22:44:20.124 | INFO     | __main__:read_raw_data:70 - Loaded dataframe with 11 rows and 6 columns
2025-03-26 22:44:20.127 | INFO     | __main__:main:178 - Initial dataframe columns: CustomerID, Name, Region, JoinDate, LoyaltyPoinst , CustomerSegments 
2025-03-26 22:44:20.128 | INFO     | __main__:main:179 - Initial dataframe shape: (11, 6)
2025-03-26 22:44:20.131 | INFO     | __main__:main:188 - Cleaned column names: LoyaltyPoinst  -> LoyaltyPoinst, CustomerSegments  -> CustomerSegments
2025-03-26 22:44:20.132 | INFO     | __main__:remove_duplicates:98 - FUNCTION START: remove_duplicates with dataframe shape=(11, 6)
2025-03-26 22:44:20.143 | INFO     | __main__:remove_duplicates:102 - Removed 0 duplicate rows
2025-03-26 22:44:20.145 | INFO     | __main__:remove_duplicates:103 - 11 records remaining after removing duplicates.
2025-03-26 22:44:20.147 | INFO     | __main__:handle_missing_values:117 - FUNCTION START: handle_missing_values with dataframe shape=(11, 6)
2025-03-26 22:44:20.150 | INFO     | __main__:handle_missing_values:121 - Total missing values before handling: 1
2025-03-26 22:44:20.159 | INFO     | __main__:handle_missing_values:130 - Total missing values after handling: 1
2025-03-26 22:44:20.161 | INFO     | __main__:handle_missing_values:131 - 11 records remaining after handling missing values.
2025-03-26 22:44:20.169 | INFO     | __main__:remove_outliers:145 - FUNCTION START: remove_outliers with dataframe shape=(11, 6)
2025-03-26 22:44:20.170 | INFO     | __main__:remove_outliers:153 - Removed 0 outlier rows
2025-03-26 22:44:20.173 | INFO     | __main__:remove_outliers:154 - 11 records remaining after removing outliers.
2025-03-26 22:44:20.175 | INFO     | __main__:save_prepared_data:81 - FUNCTION START: save_prepared_data with file_name=customers_data_prepared.csv, dataframe shape=(11, 6)
2025-03-26 22:44:20.227 | INFO     | __main__:save_prepared_data:84 - Data saved to C:\Projects\smart-store-albert\data\prepared\customers_data_prepared.csv
2025-03-26 22:44:20.228 | INFO     | __main__:main:202 - ==================================
2025-03-26 22:44:20.230 | INFO     | __main__:main:203 - FINISHED prepare_customers_data.py
2025-03-26 22:44:20.230 | INFO     | __main__:main:204 - ==================================
2025-03-26 23:04:03.028 | INFO     | __main__:main:227 - ==================================
2025-03-26 23:04:03.029 | INFO     | __main__:main:228 - STARTING prepare_products_data.py
2025-03-26 23:04:03.030 | INFO     | __main__:main:229 - ==================================
2025-03-26 23:04:03.031 | INFO     | __main__:main:231 - Root project folder: C:\Projects\smart-store-albert
2025-03-26 23:04:03.032 | INFO     | __main__:main:232 - data / raw folder: C:\Projects\smart-store-albert\data\raw
2025-03-26 23:04:03.034 | INFO     | __main__:main:233 - data / prepared folder: C:\Projects\smart-store-albert\data\prepared
2025-03-26 23:04:03.035 | INFO     | __main__:read_raw_data:59 - FUNCTION START: read_raw_data with file_name=products_data.csv
2025-03-26 23:04:03.038 | INFO     | __main__:read_raw_data:61 - Reading data from C:\Projects\smart-store-albert\data\raw\products_data.csv
2025-03-26 23:04:03.059 | INFO     | __main__:read_raw_data:63 - Loaded dataframe with 8 rows and 6 columns
2025-03-26 23:04:03.060 | INFO     | __main__:main:242 - Initial dataframe columns: ProductID, ProductName, Category, UnitPrice, StockQuantity, Supplier
2025-03-26 23:04:03.061 | INFO     | __main__:main:243 - Initial dataframe shape: (8, 6)
2025-03-26 23:04:03.066 | INFO     | __main__:main:252 - Cleaned column names: ProductID -> productid, ProductName -> productname, Category -> category, UnitPrice -> unitprice, StockQuantity -> stockquantity, Supplier -> supplier
2025-03-26 23:04:03.068 | INFO     | __main__:remove_duplicates:96 - FUNCTION START: remove_duplicates with dataframe shape=(8, 6)
2025-03-26 23:04:03.071 | INFO     | __main__:remove_duplicates:106 - Removed 0 duplicate rows
2025-03-26 23:04:03.104 | INFO     | __main__:remove_duplicates:107 - 8 records remaining after removing duplicates.
2025-03-26 23:04:03.105 | INFO     | __main__:handle_missing_values:121 - FUNCTION START: handle_missing_values with dataframe shape=(8, 6)
2025-03-26 23:04:03.111 | INFO     | __main__:handle_missing_values:126 - Missing values by column before handling:
productid        0
productname      0
category         0
unitprice        0
stockquantity    0
supplier         0
dtype: int64
2025-03-26 23:04:03.119 | INFO     | __main__:handle_missing_values:140 - Missing values by column after handling:
productid        0
productname      0
category         0
unitprice        0
stockquantity    0
supplier         0
dtype: int64
2025-03-26 23:04:03.122 | INFO     | __main__:handle_missing_values:141 - 8 records remaining after handling missing values.
2025-03-26 23:04:03.125 | INFO     | __main__:standardize_formats:188 - FUNCTION START: standardize_formats with dataframe shape=(8, 6)
2025-03-26 23:04:03.126 | INFO     | __main__:standardize_formats:198 - Completed standardizing formats
2025-03-26 23:04:03.128 | INFO     | __main__:remove_outliers:155 - FUNCTION START: remove_outliers with dataframe shape=(8, 6)
2025-03-26 23:04:03.133 | INFO     | __main__:remove_outliers:174 - Removed 0 outlier rows
2025-03-26 23:04:03.134 | INFO     | __main__:remove_outliers:175 - 8 records remaining after removing outliers.
2025-03-26 23:04:03.136 | INFO     | __main__:validate_data:211 - FUNCTION START: validate_data with dataframe shape=(8, 6)
2025-03-26 23:04:03.138 | INFO     | __main__:validate_data:220 - Data validation complete
2025-03-26 23:04:03.140 | INFO     | __main__:save_prepared_data:81 - FUNCTION START: save_prepared_data with file_name=products_data_prepared.csv, dataframe shape=(8, 6)
2025-03-26 23:04:03.154 | INFO     | __main__:save_prepared_data:84 - Data saved to C:\Projects\smart-store-albert\data\prepared\products_data_prepared.csv
2025-03-26 23:04:03.156 | INFO     | __main__:main:264 - ==================================
2025-03-26 23:04:03.158 | INFO     | __main__:main:265 - FINISHED prepare_products_data.py
2025-03-26 23:04:03.160 | INFO     | __main__:main:266 - ==================================
2025-03-26 23:42:35.609 | INFO     | __main__:main:56 - ========================
2025-03-26 23:42:35.620 | INFO     | __main__:main:57 - Starting SALES prep
2025-03-26 23:42:35.621 | INFO     | __main__:main:58 - ========================
2025-03-26 23:42:36.178 | INFO     | __main__:save_prepared_data:51 - Data saved to C:\Projects\smart-store-albert\data\prepared\sales_data_prepared.csv
2025-03-26 23:42:36.180 | INFO     | __main__:main:77 - ======================
2025-03-26 23:42:36.181 | INFO     | __main__:main:78 - FINISHED Sales Prep
2025-03-26 23:42:36.182 | INFO     | __main__:main:79 - ======================
2025-03-27 00:23:23.414 | INFO     | __main__:main:43 - Starting data preparation...
2025-03-27 00:23:23.463 | INFO     | __main__:read_raw_data:28 - Reading raw data from C:\Projects\smart-store-albert\data\raw\customers_data.csv.
2025-03-27 00:23:23.653 | INFO     | __main__:read_raw_data:28 - Reading raw data from C:\Projects\smart-store-albert\data\raw\products_data.csv.
2025-03-27 00:23:23.663 | INFO     | __main__:read_raw_data:28 - Reading raw data from C:\Projects\smart-store-albert\data\raw\sales_data.csv.
2025-03-27 00:23:23.687 | INFO     | __main__:main:47 - Data preparation complete.
2025-03-28 20:59:53.720 | INFO     | __main__:main:43 - Starting data warehouse creation...
2025-03-28 20:59:53.738 | INFO     | __main__:create_dw:31 - Data warehouse created successfully.
2025-03-28 20:59:53.739 | INFO     | __main__:main:45 - Data warehouse creation complete.
2025-03-28 21:26:35.300 | INFO     | __main__:main:43 - Starting data preparation...
2025-03-28 21:26:35.301 | INFO     | __main__:read_raw_data:28 - Reading raw data from C:\Projects\smart-store-albert\data\raw\customers_data.csv.
2025-03-28 21:26:35.308 | INFO     | __main__:read_raw_data:28 - Reading raw data from C:\Projects\smart-store-albert\data\raw\products_data.csv.
2025-03-28 21:26:35.313 | INFO     | __main__:read_raw_data:28 - Reading raw data from C:\Projects\smart-store-albert\data\raw\sales_data.csv.
2025-03-28 21:26:35.330 | INFO     | __main__:main:47 - Data preparation complete.
2025-03-28 21:37:28.872 | INFO     | __main__:main:163 - ==================================
2025-03-28 21:37:28.873 | INFO     | __main__:main:164 - STARTING prepare_customers_data.py
2025-03-28 21:37:28.874 | INFO     | __main__:main:165 - ==================================
2025-03-28 21:37:28.874 | INFO     | __main__:main:167 - Root project folder: C:\Projects\smart-store-albert
2025-03-28 21:37:28.875 | INFO     | __main__:main:168 - data / raw folder: C:\Projects\smart-store-albert\data\raw
2025-03-28 21:37:28.876 | INFO     | __main__:main:169 - data / prepared folder: C:\Projects\smart-store-albert\data\prepared
2025-03-28 21:37:28.877 | INFO     | __main__:main:170 - scripts folder: C:\Projects\smart-store-albert\scripts
2025-03-28 21:37:28.877 | INFO     | __main__:read_raw_data:67 - FUNCTION START: read_raw_data with file_name=customers_data.csv
2025-03-28 21:37:28.878 | INFO     | __main__:read_raw_data:69 - Reading data from C:\Projects\smart-store-albert\data\raw\customers_data.csv
2025-03-28 21:37:28.888 | INFO     | __main__:read_raw_data:71 - Loaded dataframe with 11 rows and 6 columns
2025-03-28 21:37:28.889 | INFO     | __main__:main:179 - Initial dataframe columns: CustomerID, Name, Region, JoinDate, LoyaltyPoinst , CustomerSegments 
2025-03-28 21:37:28.890 | INFO     | __main__:main:180 - Initial dataframe shape: (11, 6)
2025-03-28 21:37:28.891 | INFO     | __main__:main:189 - Cleaned column names: LoyaltyPoinst  -> LoyaltyPoinst, CustomerSegments  -> CustomerSegments
2025-03-28 21:37:28.892 | INFO     | __main__:remove_duplicates:99 - FUNCTION START: remove_duplicates with dataframe shape=(11, 6)
2025-03-28 21:37:28.894 | INFO     | __main__:remove_duplicates:103 - Removed 0 duplicate rows
2025-03-28 21:37:28.895 | INFO     | __main__:remove_duplicates:104 - 11 records remaining after removing duplicates.
2025-03-28 21:37:28.896 | INFO     | __main__:handle_missing_values:118 - FUNCTION START: handle_missing_values with dataframe shape=(11, 6)
2025-03-28 21:37:28.898 | INFO     | __main__:handle_missing_values:122 - Total missing values before handling: 1
2025-03-28 21:37:28.899 | INFO     | __main__:handle_missing_values:131 - Total missing values after handling: 1
2025-03-28 21:37:28.901 | INFO     | __main__:handle_missing_values:132 - 11 records remaining after handling missing values.
2025-03-28 21:37:28.902 | INFO     | __main__:remove_outliers:146 - FUNCTION START: remove_outliers with dataframe shape=(11, 6)
2025-03-28 21:37:28.903 | INFO     | __main__:remove_outliers:154 - Removed 0 outlier rows
2025-03-28 21:37:28.904 | INFO     | __main__:remove_outliers:155 - 11 records remaining after removing outliers.
2025-03-28 21:37:28.904 | INFO     | __main__:save_prepared_data:82 - FUNCTION START: save_prepared_data with file_name=customers_data_prepared.csv, dataframe shape=(11, 6)
2025-03-28 21:37:28.952 | INFO     | __main__:save_prepared_data:85 - Data saved to C:\Projects\smart-store-albert\data\prepared\customers_data_prepared.csv
2025-03-28 21:37:28.955 | INFO     | __main__:main:203 - ==================================
2025-03-28 21:37:28.956 | INFO     | __main__:main:204 - FINISHED prepare_customers_data.py
2025-03-28 21:37:28.957 | INFO     | __main__:main:205 - ==================================
2025-03-28 21:38:57.248 | INFO     | __main__:main:227 - ==================================
2025-03-28 21:38:57.249 | INFO     | __main__:main:228 - STARTING prepare_products_data.py
2025-03-28 21:38:57.249 | INFO     | __main__:main:229 - ==================================
2025-03-28 21:38:57.250 | INFO     | __main__:main:231 - Root project folder: C:\Projects\smart-store-albert
2025-03-28 21:38:57.251 | INFO     | __main__:main:232 - data / raw folder: C:\Projects\smart-store-albert\data\raw
2025-03-28 21:38:57.252 | INFO     | __main__:main:233 - data / prepared folder: C:\Projects\smart-store-albert\data\prepared
2025-03-28 21:38:57.252 | INFO     | __main__:read_raw_data:59 - FUNCTION START: read_raw_data with file_name=products_data.csv
2025-03-28 21:38:57.253 | INFO     | __main__:read_raw_data:61 - Reading data from C:\Projects\smart-store-albert\data\raw\products_data.csv
2025-03-28 21:38:57.262 | INFO     | __main__:read_raw_data:63 - Loaded dataframe with 8 rows and 6 columns
2025-03-28 21:38:57.263 | INFO     | __main__:main:242 - Initial dataframe columns: ProductID, ProductName, Category, UnitPrice, StockQuantity, Supplier
2025-03-28 21:38:57.264 | INFO     | __main__:main:243 - Initial dataframe shape: (8, 6)
2025-03-28 21:38:57.270 | INFO     | __main__:main:252 - Cleaned column names: ProductID -> productid, ProductName -> productname, Category -> category, UnitPrice -> unitprice, StockQuantity -> stockquantity, Supplier -> supplier
2025-03-28 21:38:57.271 | INFO     | __main__:remove_duplicates:96 - FUNCTION START: remove_duplicates with dataframe shape=(8, 6)
2025-03-28 21:38:57.275 | INFO     | __main__:remove_duplicates:106 - Removed 0 duplicate rows
2025-03-28 21:38:57.276 | INFO     | __main__:remove_duplicates:107 - 8 records remaining after removing duplicates.
2025-03-28 21:38:57.277 | INFO     | __main__:handle_missing_values:121 - FUNCTION START: handle_missing_values with dataframe shape=(8, 6)
2025-03-28 21:38:57.279 | INFO     | __main__:handle_missing_values:126 - Missing values by column before handling:
productid        0
productname      0
category         0
unitprice        0
stockquantity    0
supplier         0
dtype: int64
2025-03-28 21:38:57.290 | INFO     | __main__:handle_missing_values:140 - Missing values by column after handling:
productid        0
productname      0
category         0
unitprice        0
stockquantity    0
supplier         0
dtype: int64
2025-03-28 21:38:57.294 | INFO     | __main__:handle_missing_values:141 - 8 records remaining after handling missing values.
2025-03-28 21:38:57.295 | INFO     | __main__:standardize_formats:188 - FUNCTION START: standardize_formats with dataframe shape=(8, 6)
2025-03-28 21:38:57.299 | INFO     | __main__:standardize_formats:198 - Completed standardizing formats
2025-03-28 21:38:57.303 | INFO     | __main__:remove_outliers:155 - FUNCTION START: remove_outliers with dataframe shape=(8, 6)
2025-03-28 21:38:57.304 | INFO     | __main__:remove_outliers:174 - Removed 0 outlier rows
2025-03-28 21:38:57.304 | INFO     | __main__:remove_outliers:175 - 8 records remaining after removing outliers.
2025-03-28 21:38:57.305 | INFO     | __main__:validate_data:211 - FUNCTION START: validate_data with dataframe shape=(8, 6)
2025-03-28 21:38:57.306 | INFO     | __main__:validate_data:220 - Data validation complete
2025-03-28 21:38:57.308 | INFO     | __main__:save_prepared_data:81 - FUNCTION START: save_prepared_data with file_name=products_data_prepared.csv, dataframe shape=(8, 6)
2025-03-28 21:38:57.321 | INFO     | __main__:save_prepared_data:84 - Data saved to C:\Projects\smart-store-albert\data\prepared\products_data_prepared.csv
2025-03-28 21:38:57.322 | INFO     | __main__:main:264 - ==================================
2025-03-28 21:38:57.323 | INFO     | __main__:main:265 - FINISHED prepare_products_data.py
2025-03-28 21:38:57.323 | INFO     | __main__:main:266 - ==================================
2025-03-28 21:40:13.909 | INFO     | __main__:main:56 - ========================
2025-03-28 21:40:13.910 | INFO     | __main__:main:57 - Starting SALES prep
2025-03-28 21:40:13.911 | INFO     | __main__:main:58 - ========================
2025-03-28 21:40:14.129 | INFO     | __main__:save_prepared_data:51 - Data saved to C:\Projects\smart-store-albert\data\prepared\sales_data_prepared.csv
2025-03-28 21:40:14.130 | INFO     | __main__:main:77 - ======================
2025-03-28 21:40:14.131 | INFO     | __main__:main:78 - FINISHED Sales Prep
2025-03-28 21:40:14.131 | INFO     | __main__:main:79 - ======================
2025-04-06 16:32:43.535 | INFO     | __main__:main:43 - Starting data warehouse creation...
2025-04-06 16:32:43.543 | INFO     | __main__:create_dw:31 - Data warehouse created successfully.
2025-04-06 16:32:43.544 | INFO     | __main__:main:45 - Data warehouse creation complete.
2025-04-06 16:45:17.154 | INFO     | __main__:<module>:33 - Existing database data\dw\smart_sales.db deleted.
2025-04-06 16:45:17.163 | INFO     | __main__:main:115 - Starting data warehouse creation...
2025-04-06 16:45:17.377 | INFO     | __main__:create_customer_table:48 - customer table created.
2025-04-06 16:45:17.468 | INFO     | __main__:create_product_table:63 - product table created.
2025-04-06 16:45:17.560 | INFO     | __main__:create_sale_table:84 - sale table created.
2025-04-06 16:45:17.561 | INFO     | __main__:create_dw:103 - Data warehouse created successfully.
2025-04-06 16:45:17.562 | INFO     | __main__:main:117 - Data warehouse creation complete.
2025-04-06 17:19:40.708 | INFO     | __main__:create_schema:47 - Schema created.
2025-04-06 17:19:40.711 | INFO     | __main__:delete_existing_records:54 - Old records deleted.
2025-04-06 17:19:40.970 | ERROR    | __main__:load_data_to_db:88 - ETL failed: table customer has no column named CustomerID
2025-04-06 17:34:57.886 | INFO     | __main__:create_schema:47 - Schema created.
2025-04-06 17:34:57.889 | INFO     | __main__:delete_existing_records:54 - Old records deleted.
2025-04-06 17:34:57.945 | ERROR    | __main__:load_data_to_db:99 - ETL failed: table customer has no column named LoyaltyPoinst
2025-04-06 17:45:53.972 | INFO     | __main__:create_schema:48 - Schema created.
2025-04-06 17:45:53.975 | INFO     | __main__:delete_existing_records:55 - Old records deleted.
2025-04-06 17:45:53.995 | ERROR    | __main__:load_data_to_db:102 - ETL failed: table customer has no column named LoyaltyPoinst
2025-04-06 17:52:31.431 | INFO     | __main__:create_schema:48 - Schema created.
2025-04-06 17:52:31.435 | INFO     | __main__:delete_existing_records:55 - Old records deleted.
2025-04-06 17:52:31.456 | ERROR    | __main__:load_data_to_db:102 - ETL failed: table customer has no column named loyalty_points
2025-04-06 17:53:59.289 | INFO     | __main__:create_schema:48 - Schema created.
2025-04-06 17:53:59.292 | INFO     | __main__:delete_existing_records:55 - Old records deleted.
2025-04-06 17:53:59.310 | ERROR    | __main__:load_data_to_db:102 - ETL failed: table customer has no column named loyalty_points
2025-04-06 18:01:16.408 | INFO     | __main__:create_schema:48 - Schema created.
2025-04-06 18:01:16.410 | INFO     | __main__:delete_existing_records:55 - Old records deleted.
2025-04-06 18:01:16.424 | ERROR    | __main__:load_data_to_db:102 - ETL failed: table customer has no column named loyalty_points
2025-04-06 18:03:11.044 | INFO     | __main__:create_schema:48 - Schema created.
2025-04-06 18:03:11.047 | INFO     | __main__:delete_existing_records:55 - Old records deleted.
2025-04-06 18:03:11.063 | ERROR    | __main__:load_data_to_db:102 - ETL failed: table customer has no column named loyalty_points
2025-04-06 18:11:48.116 | INFO     | __main__:create_schema:48 - Schema created.
2025-04-06 18:11:48.119 | INFO     | __main__:delete_existing_records:55 - Old records deleted.
2025-04-06 18:11:48.135 | ERROR    | __main__:load_data_to_db:102 - ETL failed: table customer has no column named loyalty_points
2025-04-06 18:13:00.107 | INFO     | __main__:<module>:33 - Existing database data\dw\smart_sales.db deleted.
2025-04-06 18:13:00.108 | INFO     | __main__:main:124 - Starting data warehouse creation...
2025-04-06 18:13:00.109 | INFO     | __main__:main:126 - Data warehouse creation complete.
2025-04-06 18:13:54.005 | INFO     | __main__:create_schema:48 - Schema created.
2025-04-06 18:13:54.013 | INFO     | __main__:delete_existing_records:55 - Old records deleted.
2025-04-06 18:13:54.064 | ERROR    | __main__:load_data_to_db:102 - ETL failed: table customer has no column named CustomerSegments
2025-04-06 18:24:51.854 | INFO     | __main__:create_schema:49 - Schema created.
2025-04-06 18:24:51.857 | INFO     | __main__:delete_existing_records:56 - Old records deleted.
2025-04-06 18:24:51.883 | ERROR    | __main__:load_data_to_db:104 - ETL failed: table customer has no column named customer_segments
2025-04-06 18:25:19.591 | INFO     | __main__:<module>:33 - Existing database data\dw\smart_sales.db deleted.
2025-04-06 18:25:19.592 | INFO     | __main__:main:124 - Starting data warehouse creation...
2025-04-06 18:25:19.593 | INFO     | __main__:main:126 - Data warehouse creation complete.
2025-04-06 18:25:30.389 | INFO     | __main__:main:124 - Starting data warehouse creation...
2025-04-06 18:25:30.390 | INFO     | __main__:main:126 - Data warehouse creation complete.
2025-04-06 18:25:47.328 | INFO     | __main__:create_schema:49 - Schema created.
2025-04-06 18:25:47.336 | INFO     | __main__:delete_existing_records:56 - Old records deleted.
2025-04-06 18:25:47.480 | INFO     | __main__:insert_customers:71 - Customer data loaded.
2025-04-06 18:25:47.482 | ERROR    | __main__:load_data_to_db:104 - ETL failed: UNIQUE constraint failed: customer.customer_id
2025-04-06 18:30:32.325 | INFO     | __main__:create_schema:49 - Schema created.
2025-04-06 18:30:32.327 | INFO     | __main__:delete_existing_records:56 - Old records deleted.
2025-04-06 18:30:32.428 | INFO     | __main__:insert_customers:71 - Customer data loaded.
2025-04-06 18:30:32.455 | ERROR    | __main__:load_data_to_db:104 - ETL failed: UNIQUE constraint failed: customer.customer_id
2025-04-06 18:40:05.025 | INFO     | __main__:create_schema:49 - Schema created.
2025-04-06 18:40:05.027 | INFO     | __main__:delete_existing_records:56 - Old records deleted.
2025-04-06 18:40:05.039 | ERROR    | __main__:load_data_to_db:107 - ETL failed: Index(['customer_id'], dtype='object')
2025-04-06 19:00:17.553 | INFO     | __main__:create_schema:49 - Schema created.
2025-04-06 19:00:17.558 | INFO     | __main__:delete_existing_records:56 - Old records deleted.
2025-04-06 19:00:17.590 | ERROR    | __main__:load_data_to_db:115 - ETL failed: Index(['customer_id'], dtype='object')
2025-04-06 19:09:37.599 | ERROR    | __main__:load_data_to_db:118 - ETL failed: near ")": syntax error
2025-04-06 19:11:09.037 | ERROR    | __main__:load_data_to_db:116 - ETL failed: near ")": syntax error
2025-04-06 19:11:34.777 | ERROR    | __main__:load_data_to_db:116 - ETL failed: near ")": syntax error
2025-04-06 19:12:51.810 | INFO     | __main__:create_schema:49 - Schema created.
2025-04-06 19:12:51.814 | INFO     | __main__:delete_existing_records:56 - Old records deleted.
2025-04-06 19:12:51.829 | ERROR    | __main__:load_data_to_db:107 - ETL failed: Index(['customer_id'], dtype='object')
2025-04-06 19:32:44.101 | ERROR    | __main__:load_data_to_db:114 - ETL failed: near ")": syntax error
2025-04-06 20:05:17.565 | ERROR    | __main__:load_data_to_db:114 - ETL failed: near ")": syntax error
2025-04-06 20:06:13.222 | ERROR    | __main__:load_data_to_db:114 - ETL failed: near ")": syntax error
2025-04-06 20:16:21.730 | ERROR    | __main__:load_data_to_db:114 - ETL failed: near "-": syntax error
2025-04-06 20:18:06.144 | ERROR    | __main__:load_data_to_db:114 - ETL failed: near "FOREIGN": syntax error
2025-04-06 20:21:22.457 | ERROR    | __main__:load_data_to_db:114 - ETL failed: near "FOREIGN": syntax error
2025-04-06 20:26:54.056 | ERROR    | __main__:load_data_to_db:119 - ETL failed: near "FOREIGN": syntax error
2025-04-06 20:27:29.731 | ERROR    | __main__:load_data_to_db:141 - ETL failed: near "FOREIGN": syntax error
2025-04-06 20:28:23.358 | ERROR    | __main__:load_data_to_db:114 - ETL failed: near "FOREIGN": syntax error
2025-04-06 20:38:09.622 | ERROR    | __main__:load_data_to_db:114 - ETL failed: near "FOREIGN": syntax error
2025-04-06 20:48:03.888 | INFO     | __main__:create_schema:56 - Schema created.
2025-04-06 20:48:03.893 | INFO     | __main__:delete_existing_records:63 - Old records deleted.
2025-04-06 20:48:04.098 | ERROR    | __main__:load_data_to_db:114 - ETL failed: Index(['customer_id'], dtype='object')
2025-04-06 21:01:59.123 | INFO     | __main__:create_schema:56 - Schema created.
2025-04-06 21:01:59.136 | INFO     | __main__:delete_existing_records:63 - Old records deleted.
2025-04-06 21:01:59.154 | ERROR    | __main__:load_data_to_db:116 - ETL failed: Index(['customer_id'], dtype='object')
2025-04-06 21:03:25.403 | INFO     | __main__:main:43 - Starting data preparation...
2025-04-06 21:03:25.404 | INFO     | __main__:read_raw_data:28 - Reading raw data from C:\Projects\smart-store-albert\data\raw\customers_data.csv.
2025-04-06 21:03:25.432 | INFO     | __main__:read_raw_data:28 - Reading raw data from C:\Projects\smart-store-albert\data\raw\products_data.csv.
2025-04-06 21:03:25.437 | INFO     | __main__:read_raw_data:28 - Reading raw data from C:\Projects\smart-store-albert\data\raw\sales_data.csv.
2025-04-06 21:03:25.456 | INFO     | __main__:main:47 - Data preparation complete.
2025-04-06 21:04:58.234 | INFO     | __main__:main:43 - Starting data preparation...
2025-04-06 21:04:58.235 | INFO     | __main__:read_raw_data:28 - Reading raw data from C:\Projects\smart-store-albert\data\raw\customers_data.csv.
2025-04-06 21:04:58.242 | INFO     | __main__:read_raw_data:28 - Reading raw data from C:\Projects\smart-store-albert\data\raw\products_data.csv.
2025-04-06 21:04:58.246 | INFO     | __main__:read_raw_data:28 - Reading raw data from C:\Projects\smart-store-albert\data\raw\sales_data.csv.
2025-04-06 21:04:58.252 | INFO     | __main__:main:47 - Data preparation complete.
2025-04-06 21:05:26.633 | INFO     | __main__:create_schema:56 - Schema created.
2025-04-06 21:05:26.634 | INFO     | __main__:delete_existing_records:63 - Old records deleted.
2025-04-06 21:05:26.645 | ERROR    | __main__:load_data_to_db:116 - ETL failed: Index(['customer_id'], dtype='object')
2025-04-06 21:06:45.268 | INFO     | __main__:create_schema:56 - Schema created.
2025-04-06 21:06:45.269 | INFO     | __main__:delete_existing_records:63 - Old records deleted.
2025-04-06 21:06:45.289 | ERROR    | __main__:load_data_to_db:118 - ETL failed: Index(['customer_id'], dtype='object')
2025-04-06 21:18:19.058 | INFO     | __main__:create_schema:56 - Schema created.
2025-04-06 21:18:19.059 | INFO     | __main__:delete_existing_records:63 - Old records deleted.
2025-04-06 21:18:19.072 | ERROR    | __main__:load_data_to_db:120 - ETL failed: Index(['customer_id'], dtype='object')
2025-04-06 21:19:34.309 | INFO     | __main__:create_schema:56 - Schema created.
2025-04-06 21:19:34.311 | INFO     | __main__:delete_existing_records:63 - Old records deleted.
2025-04-06 21:19:34.328 | ERROR    | __main__:load_data_to_db:120 - ETL failed: Index(['customer_id'], dtype='object')
2025-04-06 21:20:33.938 | INFO     | __main__:create_schema:56 - Schema created.
2025-04-06 21:20:33.939 | INFO     | __main__:delete_existing_records:63 - Old records deleted.
2025-04-06 21:20:33.940 | ERROR    | __main__:load_data_to_db:119 - ETL failed: name 'customers_df' is not defined
2025-04-06 21:23:32.959 | INFO     | __main__:create_schema:56 - Schema created.
2025-04-06 21:23:32.960 | INFO     | __main__:delete_existing_records:63 - Old records deleted.
2025-04-06 21:23:32.972 | ERROR    | __main__:load_data_to_db:118 - ETL failed: Index(['customer_id'], dtype='object')
2025-04-06 22:02:17.328 | INFO     | __main__:create_schema:56 - Schema created.
2025-04-06 22:02:17.366 | INFO     | __main__:delete_existing_records:63 - Old records deleted.
2025-04-06 22:02:17.476 | ERROR    | __main__:load_data_to_db:119 - ETL failed: Index(['customer_id'], dtype='object')
2025-04-06 22:14:38.784 | INFO     | __main__:create_schema:56 - Schema created.
2025-04-06 22:14:38.786 | INFO     | __main__:delete_existing_records:63 - Old records deleted.
2025-04-06 22:14:38.797 | ERROR    | __main__:load_data_to_db:110 - ETL failed: Index(['customer_id'], dtype='object')
2025-04-06 22:22:15.297 | INFO     | __main__:create_schema:56 - Schema created.
2025-04-06 22:22:15.298 | INFO     | __main__:delete_existing_records:63 - Old records deleted.
2025-04-06 22:22:15.326 | ERROR    | __main__:load_data_to_db:110 - ETL failed: Index(['customer_id'], dtype='object')
2025-04-06 22:26:51.375 | INFO     | __main__:main:43 - Starting data preparation...
2025-04-06 22:26:51.376 | INFO     | __main__:read_raw_data:28 - Reading raw data from C:\Projects\smart-store-albert\data\raw\customers_data.csv.
2025-04-06 22:26:51.407 | INFO     | __main__:read_raw_data:28 - Reading raw data from C:\Projects\smart-store-albert\data\raw\products_data.csv.
2025-04-06 22:26:51.412 | INFO     | __main__:read_raw_data:28 - Reading raw data from C:\Projects\smart-store-albert\data\raw\sales_data.csv.
2025-04-06 22:26:51.418 | INFO     | __main__:main:47 - Data preparation complete.
2025-04-06 22:27:26.434 | INFO     | __main__:main:43 - Starting data preparation...
2025-04-06 22:27:26.435 | INFO     | __main__:read_raw_data:28 - Reading raw data from C:\Projects\smart-store-albert\data\raw\customers_data.csv.
2025-04-06 22:27:26.441 | INFO     | __main__:read_raw_data:28 - Reading raw data from C:\Projects\smart-store-albert\data\raw\products_data.csv.
2025-04-06 22:27:26.445 | INFO     | __main__:read_raw_data:28 - Reading raw data from C:\Projects\smart-store-albert\data\raw\sales_data.csv.
2025-04-06 22:27:26.449 | INFO     | __main__:main:47 - Data preparation complete.
2025-04-06 22:27:34.455 | INFO     | __main__:create_schema:56 - Schema created.
2025-04-06 22:27:34.456 | INFO     | __main__:delete_existing_records:63 - Old records deleted.
2025-04-06 22:27:34.467 | ERROR    | __main__:load_data_to_db:110 - ETL failed: Index(['customer_id'], dtype='object')
2025-04-06 22:33:08.563 | ERROR    | __main__:load_data_to_db:110 - ETL failed: unknown column "customer_id" in foreign key definition
2025-04-06 22:38:42.222 | INFO     | __main__:create_schema:56 - Schema created.
2025-04-06 22:38:42.227 | INFO     | __main__:delete_existing_records:63 - Old records deleted.
2025-04-06 22:38:42.277 | ERROR    | __main__:load_data_to_db:110 - ETL failed: Index(['customer_id'], dtype='object')
2025-04-06 22:42:23.879 | INFO     | __main__:create_schema:56 - Schema created.
2025-04-20 19:46:36.916 | INFO     | __main__:main:209 - Starting OLAP Cubing process...
2025-04-20 19:46:36.920 | ERROR    | __main__:ingest_sales_data_from_dw:116 - Error loading sale table data from data warehouse: unable to open database file
2025-04-20 20:00:03.603 | INFO     | __main__:main:209 - Starting OLAP Cubing process...
2025-04-20 20:00:03.605 | ERROR    | __main__:ingest_sales_data_from_dw:116 - Error loading sale table data from data warehouse: unable to open database file
2025-04-20 20:00:47.227 | INFO     | __main__:main:209 - Starting OLAP Cubing process...
2025-04-20 20:00:47.228 | ERROR    | __main__:ingest_sales_data_from_dw:116 - Error loading sale table data from data warehouse: unable to open database file
2025-04-20 20:01:23.659 | INFO     | __main__:main:209 - Starting OLAP Cubing process...
2025-04-20 20:01:23.661 | ERROR    | __main__:ingest_sales_data_from_dw:116 - Error loading sale table data from data warehouse: unable to open database file
2025-04-20 20:13:43.741 | INFO     | __main__:main:209 - Starting OLAP Cubing process...
2025-04-20 20:13:43.958 | INFO     | __main__:ingest_sales_data_from_dw:113 - Sales data successfully loaded from SQLite data warehouse.
2025-04-20 20:22:45.325 | INFO     | __main__:main:209 - Starting OLAP Cubing process...
2025-04-20 20:22:45.330 | INFO     | __main__:ingest_sales_data_from_dw:113 - Sales data successfully loaded from SQLite data warehouse.
2025-04-20 20:22:45.609 | ERROR    | __main__:create_olap_cube:165 - Error creating OLAP cube: 'product_id'
2025-04-20 20:31:24.318 | INFO     | __main__:main:158 - Starting OLAP Cubing process...
2025-04-20 20:31:24.321 | ERROR    | __main__:ingest_sales_data_from_dw:115 - Error loading sale table data from data warehouse: Execution failed on sql 'SELECT * FROM sale': no such table: sale
2025-04-20 20:39:11.319 | INFO     | __main__:main:158 - Starting OLAP Cubing process...
2025-04-20 20:39:11.322 | ERROR    | __main__:ingest_sales_data_from_dw:115 - Error loading sale table data from data warehouse: Execution failed on sql 'SELECT * FROM sale': no such table: sale
2025-04-20 21:00:07.484 | INFO     | __main__:main:159 - Starting OLAP Cubing process...
2025-04-20 21:00:07.489 | INFO     | __main__:ingest_sales_data_from_dw:113 - Sales data successfully loaded from SQLite data warehouse.
2025-04-20 21:00:07.739 | INFO     | __main__:create_olap_cube:130 - OLAP cube created with dimensions: ['DayOfWeek', 'ProductID', 'CustomerID']
2025-04-20 21:00:07.795 | INFO     | __main__:write_cube_to_csv:153 - OLAP cube saved to data\olap_cubing_outputs\multidimensional_olap_cube.csv.
2025-04-20 21:00:07.796 | INFO     | __main__:main:183 - OLAP Cubing process completed successfully.
2025-04-20 21:00:07.797 | INFO     | __main__:main:184 - Please see outputs in data\olap_cubing_outputs
